2023-08-04 15:31:49.570 [info] Extension host with pid 1121 started
2023-08-04 15:31:49.595 [info] Lock '/home/puey/.vscode-server/data/User/workspaceStorage/82be8f6f0a70a01f1dbcd039acbf2fdc/vscode.lock': Lock acquired.
2023-08-04 15:31:49.660 [info] ExtensionService#_doActivateExtension vscode.git-base, startup: true, activationEvent: '*', root cause: vscode.git
2023-08-04 15:31:49.704 [info] ExtensionService#_doActivateExtension vscode.git, startup: true, activationEvent: '*'
2023-08-04 15:31:49.704 [info] ExtensionService#_doActivateExtension vscode.github, startup: true, activationEvent: '*'
2023-08-04 15:31:49.992 [info] Eager extensions activated
2023-08-04 15:31:49.992 [info] ExtensionService#_doActivateExtension vscode.debug-auto-launch, startup: false, activationEvent: 'onStartupFinished'
2023-08-04 15:31:49.993 [info] ExtensionService#_doActivateExtension vscode.merge-conflict, startup: false, activationEvent: 'onStartupFinished'
2023-08-04 15:31:53.200 [info] ExtensionService#_doActivateExtension vscode.html-language-features, startup: false, activationEvent: 'onLanguage:html'
2023-08-04 15:31:53.201 [info] ExtensionService#_doActivateExtension vscode.emmet, startup: false, activationEvent: 'onLanguage'
2023-08-04 15:33:22.138 [info] ExtensionService#_doActivateExtension vscode.css-language-features, startup: false, activationEvent: 'onLanguage:css'
2023-08-04 15:33:24.956 [info] ExtensionService#_doActivateExtension vscode.typescript-language-features, startup: false, activationEvent: 'onLanguage:javascript'
2023-08-06 12:55:42.058 [info] Extension host terminating: renderer disconnected for too long (2)
2023-08-06 12:55:42.063 [info] Lock '/home/puey/.vscode-server/data/User/workspaceStorage/82be8f6f0a70a01f1dbcd039acbf2fdc/vscode.lock': Marking the lockfile as scheduled to be released in 6000 ms.
2023-08-06 12:55:42.180 [error] Canceled: Canceled
	at new h (/home/puey/.vscode-server/bin/6445d93c81ebe42c4cbd7a60712e0b17d9463e97/out/vs/workbench/api/node/extensionHostProcess.js:103:56634)
	at t.O (/home/puey/.vscode-server/bin/6445d93c81ebe42c4cbd7a60712e0b17d9463e97/out/vs/workbench/api/node/extensionHostProcess.js:115:8020)
	at Proxy.N.<computed>.T.charCodeAt.N.<computed> (/home/puey/.vscode-server/bin/6445d93c81ebe42c4cbd7a60712e0b17d9463e97/out/vs/workbench/api/node/extensionHostProcess.js:115:5459)
	at a.g (/home/puey/.vscode-server/bin/6445d93c81ebe42c4cbd7a60712e0b17d9463e97/out/vs/workbench/api/node/extensionHostProcess.js:103:77241)
	at a.executeCommand (/home/puey/.vscode-server/bin/6445d93c81ebe42c4cbd7a60712e0b17d9463e97/out/vs/workbench/api/node/extensionHostProcess.js:103:76679)
	at w.registerCommand.description (/home/puey/.vscode-server/bin/6445d93c81ebe42c4cbd7a60712e0b17d9463e97/out/vs/workbench/api/node/extensionHostProcess.js:103:76000)
	at a.h (/home/puey/.vscode-server/bin/6445d93c81ebe42c4cbd7a60712e0b17d9463e97/out/vs/workbench/api/node/extensionHostProcess.js:103:77777)
	at a.g (/home/puey/.vscode-server/bin/6445d93c81ebe42c4cbd7a60712e0b17d9463e97/out/vs/workbench/api/node/extensionHostProcess.js:103:76772)
	at a.executeCommand (/home/puey/.vscode-server/bin/6445d93c81ebe42c4cbd7a60712e0b17d9463e97/out/vs/workbench/api/node/extensionHostProcess.js:103:76679)
	at Object.executeCommand (/home/puey/.vscode-server/bin/6445d93c81ebe42c4cbd7a60712e0b17d9463e97/out/vs/workbench/api/node/extensionHostProcess.js:121:20977)
	at r.D [as value] (/home/puey/.vscode-server/bin/6445d93c81ebe42c4cbd7a60712e0b17d9463e97/extensions/git/dist/main.js:2:1261690)
	at f.w (/home/puey/.vscode-server/bin/6445d93c81ebe42c4cbd7a60712e0b17d9463e97/out/vs/workbench/api/node/extensionHostProcess.js:63:1902)
	at f.x (/home/puey/.vscode-server/bin/6445d93c81ebe42c4cbd7a60712e0b17d9463e97/out/vs/workbench/api/node/extensionHostProcess.js:63:1972)
	at fire (/home/puey/.vscode-server/bin/6445d93c81ebe42c4cbd7a60712e0b17d9463e97/out/vs/workbench/api/node/extensionHostProcess.js:63:2188)
	at Object.m [as dispose] (/home/puey/.vscode-server/bin/6445d93c81ebe42c4cbd7a60712e0b17d9463e97/extensions/git/dist/main.js:2:1277293)
	at /home/puey/.vscode-server/bin/6445d93c81ebe42c4cbd7a60712e0b17d9463e97/extensions/git/dist/main.js:2:1282023
	at Array.forEach (<anonymous>)
	at g.dispose (/home/puey/.vscode-server/bin/6445d93c81ebe42c4cbd7a60712e0b17d9463e97/extensions/git/dist/main.js:2:1282009)
	at p.<anonymous> (/home/puey/.vscode-server/bin/6445d93c81ebe42c4cbd7a60712e0b17d9463e97/out/vs/workbench/api/node/extensionHostProcess.js:99:3381)
	at p.dispose (/home/puey/.vscode-server/bin/6445d93c81ebe42c4cbd7a60712e0b17d9463e97/out/vs/workbench/api/node/extensionHostProcess.js:99:3478)
	at p.<anonymous> (/home/puey/.vscode-server/bin/6445d93c81ebe42c4cbd7a60712e0b17d9463e97/extensions/git/dist/main.js:2:1263703)
	at p.dispose (/home/puey/.vscode-server/bin/6445d93c81ebe42c4cbd7a60712e0b17d9463e97/out/vs/workbench/api/node/extensionHostProcess.js:99:3478)
	at S (/home/puey/.vscode-server/bin/6445d93c81ebe42c4cbd7a60712e0b17d9463e97/out/vs/workbench/api/node/extensionHostProcess.js:13:11731)
	at r.Z (/home/puey/.vscode-server/bin/6445d93c81ebe42c4cbd7a60712e0b17d9463e97/out/vs/workbench/api/node/extensionHostProcess.js:117:9686)
	at /home/puey/.vscode-server/bin/6445d93c81ebe42c4cbd7a60712e0b17d9463e97/out/vs/workbench/api/node/extensionHostProcess.js:117:7582
	at Array.map (<anonymous>)
	at r.S (/home/puey/.vscode-server/bin/6445d93c81ebe42c4cbd7a60712e0b17d9463e97/out/vs/workbench/api/node/extensionHostProcess.js:117:7570)
	at r.terminate (/home/puey/.vscode-server/bin/6445d93c81ebe42c4cbd7a60712e0b17d9463e97/out/vs/workbench/api/node/extensionHostProcess.js:117:7842)
	at s.terminate (/home/puey/.vscode-server/bin/6445d93c81ebe42c4cbd7a60712e0b17d9463e97/out/vs/workbench/api/node/extensionHostProcess.js:121:1506)
	at C (/home/puey/.vscode-server/bin/6445d93c81ebe42c4cbd7a60712e0b17d9463e97/out/vs/workbench/api/node/extensionHostProcess.js:131:32254)
	at T.a (/home/puey/.vscode-server/bin/6445d93c81ebe42c4cbd7a60712e0b17d9463e97/out/vs/workbench/api/node/extensionHostProcess.js:131:29047)
	at T.h (/home/puey/.vscode-server/bin/6445d93c81ebe42c4cbd7a60712e0b17d9463e97/out/vs/workbench/api/node/extensionHostProcess.js:73:19285)
	at listOnTimeout (node:internal/timers:559:17)
	at processTimers (node:internal/timers:502:7) setContext undefined
2023-08-06 12:55:42.191 [error] Canceled: Canceled
	at new h (/home/puey/.vscode-server/bin/6445d93c81ebe42c4cbd7a60712e0b17d9463e97/out/vs/workbench/api/node/extensionHostProcess.js:103:56634)
	at t.O (/home/puey/.vscode-server/bin/6445d93c81ebe42c4cbd7a60712e0b17d9463e97/out/vs/workbench/api/node/extensionHostProcess.js:115:8020)
	at Proxy.N.<computed>.T.charCodeAt.N.<computed> (/home/puey/.vscode-server/bin/6445d93c81ebe42c4cbd7a60712e0b17d9463e97/out/vs/workbench/api/node/extensionHostProcess.js:115:5459)
	at a.g (/home/puey/.vscode-server/bin/6445d93c81ebe42c4cbd7a60712e0b17d9463e97/out/vs/workbench/api/node/extensionHostProcess.js:103:77241)
	at a.executeCommand (/home/puey/.vscode-server/bin/6445d93c81ebe42c4cbd7a60712e0b17d9463e97/out/vs/workbench/api/node/extensionHostProcess.js:103:76679)
	at w.registerCommand.description (/home/puey/.vscode-server/bin/6445d93c81ebe42c4cbd7a60712e0b17d9463e97/out/vs/workbench/api/node/extensionHostProcess.js:103:76000)
	at a.h (/home/puey/.vscode-server/bin/6445d93c81ebe42c4cbd7a60712e0b17d9463e97/out/vs/workbench/api/node/extensionHostProcess.js:103:77777)
	at a.g (/home/puey/.vscode-server/bin/6445d93c81ebe42c4cbd7a60712e0b17d9463e97/out/vs/workbench/api/node/extensionHostProcess.js:103:76772)
	at a.executeCommand (/home/puey/.vscode-server/bin/6445d93c81ebe42c4cbd7a60712e0b17d9463e97/out/vs/workbench/api/node/extensionHostProcess.js:103:76679)
	at Object.executeCommand (/home/puey/.vscode-server/bin/6445d93c81ebe42c4cbd7a60712e0b17d9463e97/out/vs/workbench/api/node/extensionHostProcess.js:121:20977)
	at t.$ve.set b [as b] (/home/puey/.vscode-server/bin/6445d93c81ebe42c4cbd7a60712e0b17d9463e97/extensions/github/dist/extension.js:2:676183)
	at /home/puey/.vscode-server/bin/6445d93c81ebe42c4cbd7a60712e0b17d9463e97/extensions/github/dist/extension.js:2:676827
	at r.value (/home/puey/.vscode-server/bin/6445d93c81ebe42c4cbd7a60712e0b17d9463e97/extensions/git/dist/main.js:2:1349176)
	at f.w (/home/puey/.vscode-server/bin/6445d93c81ebe42c4cbd7a60712e0b17d9463e97/out/vs/workbench/api/node/extensionHostProcess.js:63:1902)
	at f.x (/home/puey/.vscode-server/bin/6445d93c81ebe42c4cbd7a60712e0b17d9463e97/out/vs/workbench/api/node/extensionHostProcess.js:63:1972)
	at fire (/home/puey/.vscode-server/bin/6445d93c81ebe42c4cbd7a60712e0b17d9463e97/out/vs/workbench/api/node/extensionHostProcess.js:63:2188)
	at Object.m [as dispose] (/home/puey/.vscode-server/bin/6445d93c81ebe42c4cbd7a60712e0b17d9463e97/extensions/git/dist/main.js:2:1277293)
	at /home/puey/.vscode-server/bin/6445d93c81ebe42c4cbd7a60712e0b17d9463e97/extensions/git/dist/main.js:2:1282023
	at Array.forEach (<anonymous>)
	at g.dispose (/home/puey/.vscode-server/bin/6445d93c81ebe42c4cbd7a60712e0b17d9463e97/extensions/git/dist/main.js:2:1282009)
	at p.<anonymous> (/home/puey/.vscode-server/bin/6445d93c81ebe42c4cbd7a60712e0b17d9463e97/out/vs/workbench/api/node/extensionHostProcess.js:99:3381)
	at p.dispose (/home/puey/.vscode-server/bin/6445d93c81ebe42c4cbd7a60712e0b17d9463e97/out/vs/workbench/api/node/extensionHostProcess.js:99:3478)
	at p.<anonymous> (/home/puey/.vscode-server/bin/6445d93c81ebe42c4cbd7a60712e0b17d9463e97/extensions/git/dist/main.js:2:1263703)
	at p.dispose (/home/puey/.vscode-server/bin/6445d93c81ebe42c4cbd7a60712e0b17d9463e97/out/vs/workbench/api/node/extensionHostProcess.js:99:3478)
	at S (/home/puey/.vscode-server/bin/6445d93c81ebe42c4cbd7a60712e0b17d9463e97/out/vs/workbench/api/node/extensionHostProcess.js:13:11731)
	at r.Z (/home/puey/.vscode-server/bin/6445d93c81ebe42c4cbd7a60712e0b17d9463e97/out/vs/workbench/api/node/extensionHostProcess.js:117:9686)
	at /home/puey/.vscode-server/bin/6445d93c81ebe42c4cbd7a60712e0b17d9463e97/out/vs/workbench/api/node/extensionHostProcess.js:117:7582
	at Array.map (<anonymous>)
	at r.S (/home/puey/.vscode-server/bin/6445d93c81ebe42c4cbd7a60712e0b17d9463e97/out/vs/workbench/api/node/extensionHostProcess.js:117:7570)
	at r.terminate (/home/puey/.vscode-server/bin/6445d93c81ebe42c4cbd7a60712e0b17d9463e97/out/vs/workbench/api/node/extensionHostProcess.js:117:7842)
	at s.terminate (/home/puey/.vscode-server/bin/6445d93c81ebe42c4cbd7a60712e0b17d9463e97/out/vs/workbench/api/node/extensionHostProcess.js:121:1506)
	at C (/home/puey/.vscode-server/bin/6445d93c81ebe42c4cbd7a60712e0b17d9463e97/out/vs/workbench/api/node/extensionHostProcess.js:131:32254)
	at T.a (/home/puey/.vscode-server/bin/6445d93c81ebe42c4cbd7a60712e0b17d9463e97/out/vs/workbench/api/node/extensionHostProcess.js:131:29047)
	at T.h (/home/puey/.vscode-server/bin/6445d93c81ebe42c4cbd7a60712e0b17d9463e97/out/vs/workbench/api/node/extensionHostProcess.js:73:19285)
	at listOnTimeout (node:internal/timers:559:17)
	at processTimers (node:internal/timers:502:7) setContext undefined
2023-08-06 12:55:42.240 [info] Extension host with pid 1121 exiting with code 0
