2023-08-04 15:31:50.097 [info] Log level: Info
2023-08-04 15:31:50.097 [info] Validating found git in: "git"
2023-08-04 15:31:50.097 [info] Using git "2.34.1" from "git"
2023-08-04 15:31:50.097 [info] > git rev-parse --show-toplevel [5ms]
2023-08-04 15:31:50.097 [info] > git rev-parse --git-dir --git-common-dir [4ms]
2023-08-04 15:31:50.097 [info] Open repository: /home/puey/testingDir
2023-08-04 15:31:50.104 [info] > git config --get commit.template [1ms]
2023-08-04 15:31:50.112 [info] > git for-each-ref --format=%(refname)%00%(upstream:short)%00%(objectname)%00%(upstream:track)%00%(upstream:remotename)%00%(upstream:remoteref) refs/heads/main refs/remotes/main [3ms]
2023-08-04 15:31:50.127 [info] > git status -z -uall [5ms]
2023-08-04 15:31:50.146 [info] > git config --get commit.template [7ms]
2023-08-04 15:31:50.154 [info] > git for-each-ref --format=%(refname)%00%(upstream:short)%00%(objectname)%00%(upstream:track)%00%(upstream:remotename)%00%(upstream:remoteref) refs/heads/main refs/remotes/main [1ms]
2023-08-04 15:31:50.161 [info] > git status -z -uall [3ms]
2023-08-04 15:31:50.635 [info] > git check-ignore -v -z --stdin [2ms]
2023-08-04 15:31:53.445 [info] > git show --textconv :index.html [4ms]
2023-08-04 15:31:53.447 [info] > git ls-files --stage -- /home/puey/testingDir/index.html [2ms]
2023-08-04 15:31:53.454 [info] > git cat-file -s e69de29bb2d1d6434b8b29ae775ad8c2e48c5391 [1ms]
2023-08-04 15:33:13.519 [info] > git config --get commit.template [1ms]
2023-08-04 15:33:13.523 [info] > git for-each-ref --format=%(refname)%00%(upstream:short)%00%(objectname)%00%(upstream:track)%00%(upstream:remotename)%00%(upstream:remoteref) refs/heads/main refs/remotes/main [1ms]
2023-08-04 15:33:13.528 [info] > git status -z -uall [2ms]
2023-08-04 15:33:22.376 [info] > git show --textconv :stype.css [5ms]
2023-08-04 15:33:22.376 [info] > git ls-files --stage -- /home/puey/testingDir/stype.css [2ms]
2023-08-04 15:33:22.381 [info] > git cat-file -s 1c8407e1f2b11c4697b2f5a13acead2497d78819 [1ms]
2023-08-04 15:33:25.126 [info] > git show --textconv :app.js [6ms]
2023-08-04 15:33:25.126 [info] > git ls-files --stage -- /home/puey/testingDir/app.js [2ms]
2023-08-04 15:33:25.134 [info] > git cat-file -s d55b441e3412f893128f05bf92415e1e4a2f3860 [3ms]
2023-08-04 20:18:27.075 [info] > git config --get commit.template [13ms]
2023-08-04 20:18:27.078 [info] > git for-each-ref --format=%(refname)%00%(upstream:short)%00%(objectname)%00%(upstream:track)%00%(upstream:remotename)%00%(upstream:remoteref) refs/heads/main refs/remotes/main [9ms]
2023-08-04 20:18:27.109 [info] > git status -z -uall [27ms]
2023-08-04 20:18:27.110 [info] > git ls-files --stage -- /home/puey/testingDir/app.js [5ms]
2023-08-04 20:18:27.120 [info] > git ls-files --stage -- /home/puey/testingDir/index.html [18ms]
2023-08-04 20:18:27.136 [info] > git cat-file -s c34d177526bb413cb571f43363fe43a6eb5f3c04 [9ms]
2023-08-04 20:18:27.136 [info] > git cat-file -s d55b441e3412f893128f05bf92415e1e4a2f3860 [17ms]
2023-08-04 20:18:27.203 [info] > git show --textconv :index.html [7ms]
2023-08-04 20:18:27.204 [info] > git show --textconv :app.js [2ms]
